<error>
	<date>2012-10-18 16:59:09 (EEST10800)</date>
	<errcode>2</errcode>
	<errmsg>require_once(/var/www/address_book.loc/public/adminpanel/application/views/address_book/cache/47/54/f457358b9fd8be3423f0105cf6c0.php): failed to open stream: No such file or directory</errmsg>
	<filename>/var/www/address_book.loc/public/adminpanel/libraries/templating/twig-v1.2.3/lib/Twig/Environment.php</filename>
	<linenum>308</linenum>
</error>
<error>
	<date>2012-10-19 14:55:35 (EEST10800)</date>
	<errcode>8</errcode>
	<errmsg>Use of undefined constant DATA_INT - assumed 'DATA_INT'</errmsg>
	<filename>/var/www/address_book.loc/public/adminpanel/application/models/AuthorizationModel.php</filename>
	<linenum>65</linenum>
</error>
<error>
	<date>2012-10-19 14:56:00 (EEST10800)</date>
	<errcode>2</errcode>
	<errmsg>Missing argument 2 for ValidateData::filterValidate(), called in /var/www/address_book.loc/public/adminpanel/application/models/AuthorizationModel.php on line 65 and defined</errmsg>
	<filename>/var/www/address_book.loc/public/adminpanel/application/controllers/ValidateData.php</filename>
	<linenum>90</linenum>
</error>
<error>
	<date>2012-10-19 14:56:04 (EEST10800)</date>
	<errcode>2</errcode>
	<errmsg>Missing argument 2 for ValidateData::filterValidate(), called in /var/www/address_book.loc/public/adminpanel/application/models/AuthorizationModel.php on line 65 and defined</errmsg>
	<filename>/var/www/address_book.loc/public/adminpanel/application/controllers/ValidateData.php</filename>
	<linenum>90</linenum>
</error>
<error>
	<date>2012-10-19 15:02:42 (EEST10800)</date>
	<errcode>8</errcode>
	<errmsg>Undefined variable: update</errmsg>
	<filename>/var/www/address_book.loc/public/adminpanel/application/models/AuthorizationModel.php</filename>
	<linenum>154</linenum>
</error>
<error>
	<date>2012-10-19 16:16:09 (EEST10800)</date>
	<errcode>8</errcode>
	<errmsg>Undefined variable: data_array</errmsg>
	<filename>/var/www/address_book.loc/public/adminpanel/application/models/AuthorizationModel.php</filename>
	<linenum>127</linenum>
</error>
<error>
	<date>2012-10-19 16:44:53 (EEST10800)</date>
	<errcode>2</errcode>
	<errmsg>Missing argument 1 for AddNewClient::addNewClient(), called in /var/www/address_book.loc/public/adminpanel/add_new_client.php on line 32 and defined</errmsg>
	<filename>/var/www/address_book.loc/public/adminpanel/application/controllers/AddNewClient.php</filename>
	<linenum>269</linenum>
</error>
<error>
	<date>2012-10-19 16:46:42 (EEST10800)</date>
	<errcode>2</errcode>
	<errmsg>Missing argument 1 for AddNewClient::addNewClient(), called in /var/www/address_book.loc/public/adminpanel/add_new_client.php on line 32 and defined</errmsg>
	<filename>/var/www/address_book.loc/public/adminpanel/application/controllers/AddNewClient.php</filename>
	<linenum>269</linenum>
</error>
<error>
	<date>2012-10-19 16:47:54 (EEST10800)</date>
	<errcode>2</errcode>
	<errmsg>Missing argument 1 for AddNewClient::addNewClient(), called in /var/www/address_book.loc/public/adminpanel/add_new_client.php on line 32 and defined</errmsg>
	<filename>/var/www/address_book.loc/public/adminpanel/application/controllers/AddNewClient.php</filename>
	<linenum>269</linenum>
</error>
<error>
	<date>2012-10-19 16:49:40 (EEST10800)</date>
	<errcode>2</errcode>
	<errmsg>Missing argument 1 for AddNewClient::addNewClient(), called in /var/www/address_book.loc/public/adminpanel/add_new_client.php on line 32 and defined</errmsg>
	<filename>/var/www/address_book.loc/public/adminpanel/application/controllers/AddNewClient.php</filename>
	<linenum>269</linenum>
</error>
<error>
	<date>2012-10-19 16:49:41 (EEST10800)</date>
	<errcode>2</errcode>
	<errmsg>Missing argument 1 for AddNewClient::addNewClient(), called in /var/www/address_book.loc/public/adminpanel/add_new_client.php on line 32 and defined</errmsg>
	<filename>/var/www/address_book.loc/public/adminpanel/application/controllers/AddNewClient.php</filename>
	<linenum>269</linenum>
</error>
<error>
	<date>2012-10-19 16:49:44 (EEST10800)</date>
	<errcode>2</errcode>
	<errmsg>Missing argument 1 for AddNewClient::addNewClient(), called in /var/www/address_book.loc/public/adminpanel/add_new_client.php on line 32 and defined</errmsg>
	<filename>/var/www/address_book.loc/public/adminpanel/application/controllers/AddNewClient.php</filename>
	<linenum>269</linenum>
</error>
<error>
	<date>2012-10-19 16:50:18 (EEST10800)</date>
	<errcode>2</errcode>
	<errmsg>Missing argument 1 for AddNewClient::addNewClient(), called in /var/www/address_book.loc/public/adminpanel/add_new_client.php on line 32 and defined</errmsg>
	<filename>/var/www/address_book.loc/public/adminpanel/application/controllers/AddNewClient.php</filename>
	<linenum>269</linenum>
</error>
<error>
	<date>2012-10-19 16:50:56 (EEST10800)</date>
	<errcode>2</errcode>
	<errmsg>Missing argument 1 for AddNewClient::addNewClient(), called in /var/www/address_book.loc/public/adminpanel/add_new_client.php on line 32 and defined</errmsg>
	<filename>/var/www/address_book.loc/public/adminpanel/application/controllers/AddNewClient.php</filename>
	<linenum>269</linenum>
</error>
<error>
	<date>2012-10-19 17:35:06 (EEST10800)</date>
	<errcode>8</errcode>
	<errmsg>Undefined index: add_new_client</errmsg>
	<filename>/var/www/address_book.loc/public/adminpanel/application/data/Locale.php</filename>
	<linenum>233</linenum>
</error>
<error>
	<date>2012-10-19 17:37:20 (EEST10800)</date>
	<errcode>8</errcode>
	<errmsg>Undefined index: add_new_client</errmsg>
	<filename>/var/www/address_book.loc/public/adminpanel/application/settings/Config.php</filename>
	<linenum>172</linenum>
</error>
<error>
	<date>2012-10-19 17:37:21 (EEST10800)</date>
	<errcode>8</errcode>
	<errmsg>Undefined index: add_new_client</errmsg>
	<filename>/var/www/address_book.loc/public/adminpanel/application/settings/Config.php</filename>
	<linenum>172</linenum>
</error>
<error>
	<date>2012-10-19 17:38:22 (EEST10800)</date>
	<errcode>8</errcode>
	<errmsg>Undefined index: add_new_client</errmsg>
	<filename>/var/www/address_book.loc/public/adminpanel/application/settings/Config.php</filename>
	<linenum>172</linenum>
</error>
<error>
	<date>2012-10-19 17:40:18 (EEST10800)</date>
	<errcode>8</errcode>
	<errmsg>Undefined index: add_new_record</errmsg>
	<filename>/var/www/address_book.loc/public/adminpanel/application/data/Locale.php</filename>
	<linenum>233</linenum>
</error>
<error>
	<date>2012-10-19 17:52:22 (EEST10800)</date>
	<errcode>8</errcode>
	<errmsg>Undefined index: edit_client</errmsg>
	<filename>/var/www/address_book.loc/public/adminpanel/application/data/Locale.php</filename>
	<linenum>233</linenum>
</error>
<error>
	<date>2012-10-19 17:53:59 (EEST10800)</date>
	<errcode>8</errcode>
	<errmsg>Undefined index: edit_client</errmsg>
	<filename>/var/www/address_book.loc/public/adminpanel/application/data/Locale.php</filename>
	<linenum>233</linenum>
</error>
<error>
	<date>2012-10-19 17:54:00 (EEST10800)</date>
	<errcode>8</errcode>
	<errmsg>Undefined index: edit_client</errmsg>
	<filename>/var/www/address_book.loc/public/adminpanel/application/data/Locale.php</filename>
	<linenum>233</linenum>
</error>
<error>
	<date>2012-10-19 17:54:27 (EEST10800)</date>
	<errcode>8</errcode>
	<errmsg>Undefined index: edit_record</errmsg>
	<filename>/var/www/address_book.loc/public/adminpanel/application/data/Locale.php</filename>
	<linenum>233</linenum>
</error>
<error>
	<date>2012-10-19 18:11:48 (EEST10800)</date>
	<errcode>8</errcode>
	<errmsg>Undefined index: add_new_record</errmsg>
	<filename>/var/www/address_book.loc/public/adminpanel/application/data/Locale.php</filename>
	<linenum>233</linenum>
</error>
<error>
	<date>2012-10-19 18:11:55 (EEST10800)</date>
	<errcode>8</errcode>
	<errmsg>Undefined index: add_new_record</errmsg>
	<filename>/var/www/address_book.loc/public/adminpanel/application/data/Locale.php</filename>
	<linenum>233</linenum>
</error>
