<error access>
	<date>2012-11-05 10:52:56 (EET7200)</date>
	<parameters>
		login: werwer
		password: wer234wer
	</parameters>
</error access>
<error access>
	<date>2012-11-05 10:53:15 (EET7200)</date>
	<parameters>
		login: tyytuyrt
		password: ertytr
	</parameters>
</error access>
<error access>
	<date>2012-11-13 17:27:32 (EET7200)</date>
	<parameters>
		login: ad
		password: asdasd
	</parameters>
</error access>
<error access>
	<date>2012-11-14 12:23:39 (EET7200)</date>
	<parameters>
		login: nytla
		password: 12321
	</parameters>
</error access>
