<error>
	<date>2012-11-09 18:16:04 (EET7200)</date>
	<errcode>2</errcode>
	<errmsg>require_once(/var/www/address_book.loc/public/adminpanel/application/settings/../..//application/views/address_book/cache/20/12/65ba1aac6ec8b4c9a5b5220fe0fe.php): failed to open stream: No such file or directory</errmsg>
	<filename>/var/www/address_book.loc/public/adminpanel/libraries/templating/twig-v1.2.3/lib/Twig/Environment.php</filename>
	<linenum>308</linenum>
</error>
<error>
	<date>2012-11-09 18:16:24 (EET7200)</date>
	<errcode>2</errcode>
	<errmsg>require_once(/var/www/address_book.loc/public/adminpanel/application/views/address_book/cache/d2/a9/bbdce35a91f849389395084c6920.php): failed to open stream: No such file or directory</errmsg>
	<filename>/var/www/address_book.loc/public/adminpanel/libraries/templating/twig-v1.2.3/lib/Twig/Environment.php</filename>
	<linenum>308</linenum>
</error>
<error>
	<date>2012-11-12 14:07:53 (EET7200)</date>
	<errcode>8</errcode>
	<errmsg>Undefined index: driver_</errmsg>
	<filename>/var/www/address_book.loc/public/adminpanel/application/settings/Config.php</filename>
	<linenum>188</linenum>
</error>
<error>
	<date>2012-11-12 14:09:01 (EET7200)</date>
	<errcode>8</errcode>
	<errmsg>Undefined index: name_</errmsg>
	<filename>/var/www/address_book.loc/public/adminpanel/application/settings/Config.php</filename>
	<linenum>188</linenum>
</error>
<error>
	<date>2012-11-12 14:10:10 (EET7200)</date>
	<errcode>8</errcode>
	<errmsg>Undefined offset: 99</errmsg>
	<filename>/var/www/address_book.loc/public/adminpanel/application/data/Locale.php</filename>
	<linenum>233</linenum>
</error>
<error>
	<date>2012-11-12 14:12:25 (EET7200)</date>
	<errcode>8</errcode>
	<errmsg>Undefined offset: 99</errmsg>
	<filename>/var/www/address_book.loc/public/adminpanel/application/data/Locale.php</filename>
	<linenum>233</linenum>
</error>
<error>
	<date>2012-11-12 14:12:26 (EET7200)</date>
	<errcode>8</errcode>
	<errmsg>Undefined offset: 99</errmsg>
	<filename>/var/www/address_book.loc/public/adminpanel/application/data/Locale.php</filename>
	<linenum>233</linenum>
</error>
<error>
	<date>2012-11-12 14:12:48 (EET7200)</date>
	<errcode>8</errcode>
	<errmsg>Undefined offset: 99</errmsg>
	<filename>/var/www/address_book.loc/public/adminpanel/application/data/Locale.php</filename>
	<linenum>233</linenum>
</error>
<error>
	<date>2012-11-12 14:13:06 (EET7200)</date>
	<errcode>8</errcode>
	<errmsg>Undefined offset: 99</errmsg>
	<filename>/var/www/address_book.loc/public/adminpanel/application/data/Locale.php</filename>
	<linenum>233</linenum>
</error>
<error>
	<date>2012-11-12 14:13:08 (EET7200)</date>
	<errcode>8</errcode>
	<errmsg>Undefined offset: 99</errmsg>
	<filename>/var/www/address_book.loc/public/adminpanel/application/data/Locale.php</filename>
	<linenum>233</linenum>
</error>
<error>
	<date>2012-11-12 14:13:39 (EET7200)</date>
	<errcode>8</errcode>
	<errmsg>Undefined offset: 99</errmsg>
	<filename>/var/www/address_book.loc/public/adminpanel/application/data/Locale.php</filename>
	<linenum>233</linenum>
</error>
<error>
	<date>2012-11-12 14:13:40 (EET7200)</date>
	<errcode>8</errcode>
	<errmsg>Undefined offset: 99</errmsg>
	<filename>/var/www/address_book.loc/public/adminpanel/application/data/Locale.php</filename>
	<linenum>233</linenum>
</error>
<error>
	<date>2012-11-12 14:13:42 (EET7200)</date>
	<errcode>8</errcode>
	<errmsg>Undefined offset: 99</errmsg>
	<filename>/var/www/address_book.loc/public/adminpanel/application/data/Locale.php</filename>
	<linenum>233</linenum>
</error>
<error>
	<date>2012-11-12 14:32:41 (EET7200)</date>
	<errcode>8</errcode>
	<errmsg>Undefined index: bad_</errmsg>
	<filename>/var/www/address_book.loc/public/adminpanel/application/data/Locale.php</filename>
	<linenum>233</linenum>
</error>
<error>
	<date>2012-11-12 14:33:48 (EET7200)</date>
	<errcode>2</errcode>
	<errmsg>require_once(/var/www/address_book.loc/public/adminpanel/application/views/address_book/cache/a7/27/516023ea90a0467db27059ae153a.php): failed to open stream: No such file or directory</errmsg>
	<filename>/var/www/address_book.loc/public/adminpanel/libraries/templating/twig-v1.2.3/lib/Twig/Environment.php</filename>
	<linenum>308</linenum>
</error>
<error>
	<date>2012-11-12 15:14:10 (EET7200)</date>
	<errcode>2</errcode>
	<errmsg>require_once(/var/www/address_book.loc/public/application/views/address_book/cache/47/f5/cbc3cf15e8bd0c2c905982363349.php): failed to open stream: No such file or directory</errmsg>
	<filename>/var/www/address_book.loc/public/libraries/templating/twig-v1.2.3/lib/Twig/Environment.php</filename>
	<linenum>308</linenum>
</error>
<error>
	<date>2012-11-12 15:14:12 (EET7200)</date>
	<errcode>2</errcode>
	<errmsg>require_once(/var/www/address_book.loc/public/application/views/address_book/cache/14/3d/23e5f6182bdb62ad1589ec1a59da.php): failed to open stream: No such file or directory</errmsg>
	<filename>/var/www/address_book.loc/public/libraries/templating/twig-v1.2.3/lib/Twig/Environment.php</filename>
	<linenum>308</linenum>
</error>
<error>
	<date>2012-11-12 15:14:13 (EET7200)</date>
	<errcode>2</errcode>
	<errmsg>require_once(/var/www/address_book.loc/public/application/views/address_book/cache/14/3d/23e5f6182bdb62ad1589ec1a59da.php): failed to open stream: No such file or directory</errmsg>
	<filename>/var/www/address_book.loc/public/libraries/templating/twig-v1.2.3/lib/Twig/Environment.php</filename>
	<linenum>308</linenum>
</error>
<error>
	<date>2012-11-12 15:14:27 (EET7200)</date>
	<errcode>2</errcode>
	<errmsg>require_once(/var/www/address_book.loc/public/application/views/address_book/cache/ff/c3/702be22ee633d52c019fd96fbca2.php): failed to open stream: No such file or directory</errmsg>
	<filename>/var/www/address_book.loc/public/libraries/templating/twig-v1.2.3/lib/Twig/Environment.php</filename>
	<linenum>308</linenum>
</error>
<error>
	<date>2012-11-12 15:18:46 (EET7200)</date>
	<errcode>2</errcode>
	<errmsg>require_once(/var/www/address_book.loc/public/application/views/address_book/cache/9f/be/a206d72530c4720ba7d02a5cca7b.php): failed to open stream: No such file or directory</errmsg>
	<filename>/var/www/address_book.loc/public/libraries/templating/twig-v1.2.3/lib/Twig/Environment.php</filename>
	<linenum>308</linenum>
</error>
<error>
	<date>2012-11-12 15:46:25 (EET7200)</date>
	<errcode>8</errcode>
	<errmsg>Undefined index: login</errmsg>
	<filename>/var/www/address_book.loc/public/application/ajax/add_admin.php</filename>
	<linenum>37</linenum>
</error>
<error>
	<date>2012-11-12 15:47:21 (EET7200)</date>
	<errcode>8</errcode>
	<errmsg>Undefined variable: AddAdminController</errmsg>
	<filename>/var/www/address_book.loc/public/application/ajax/user_clients_json.php</filename>
	<linenum>37</linenum>
</error>
<error>
	<date>2012-11-12 15:48:21 (EET7200)</date>
	<errcode>8</errcode>
	<errmsg>Undefined variable: AddAdminController</errmsg>
	<filename>/var/www/address_book.loc/public/application/ajax/user_clients_json.php</filename>
	<linenum>37</linenum>
</error>
<error>
	<date>2012-11-12 15:53:51 (EET7200)</date>
	<errcode>2</errcode>
	<errmsg>require_once(/var/www/address_book.loc/public/application/views/address_book/cache/47/f5/cbc3cf15e8bd0c2c905982363349.php): failed to open stream: No such file or directory</errmsg>
	<filename>/var/www/address_book.loc/public/libraries/templating/twig-v1.2.3/lib/Twig/Environment.php</filename>
	<linenum>308</linenum>
</error>
<error>
	<date>2012-11-12 15:54:21 (EET7200)</date>
	<errcode>2</errcode>
	<errmsg>chmod(): No such file or directory</errmsg>
	<filename>/var/www/address_book.loc/public/libraries/templating/twig-v1.2.3/lib/Twig/Environment.php</filename>
	<linenum>930</linenum>
</error>
<error>
	<date>2012-11-12 15:54:44 (EET7200)</date>
	<errcode>2</errcode>
	<errmsg>require_once(/var/www/address_book.loc/public/application/views/address_book/cache/9f/be/a206d72530c4720ba7d02a5cca7b.php): failed to open stream: No such file or directory</errmsg>
	<filename>/var/www/address_book.loc/public/libraries/templating/twig-v1.2.3/lib/Twig/Environment.php</filename>
	<linenum>308</linenum>
</error>
<error>
	<date>2012-11-12 16:59:55 (EET7200)</date>
	<errcode>2</errcode>
	<errmsg>require_once(/var/www/address_book.loc/public/application/settings/../..//application/views/address_book/cache/9f/be/a206d72530c4720ba7d02a5cca7b.php): failed to open stream: No such file or directory</errmsg>
	<filename>/var/www/address_book.loc/public/libraries/templating/twig-v1.2.3/lib/Twig/Environment.php</filename>
	<linenum>308</linenum>
</error>
<error>
	<date>2012-11-12 16:59:58 (EET7200)</date>
	<errcode>2</errcode>
	<errmsg>require_once(/var/www/address_book.loc/public/application/views/address_book/cache/ff/c3/702be22ee633d52c019fd96fbca2.php): failed to open stream: No such file or directory</errmsg>
	<filename>/var/www/address_book.loc/public/libraries/templating/twig-v1.2.3/lib/Twig/Environment.php</filename>
	<linenum>308</linenum>
</error>
<error>
	<date>2012-11-13 12:39:32 (EET7200)</date>
	<errcode>2</errcode>
	<errmsg>chmod(): No such file or directory</errmsg>
	<filename>/var/www/address_book.loc/public/libraries/templating/twig-v1.2.3/lib/Twig/Environment.php</filename>
	<linenum>930</linenum>
</error>
<error>
	<date>2012-11-13 12:56:17 (EET7200)</date>
	<errcode>2</errcode>
	<errmsg>require_once(/var/www/address_book.loc/public/application/views/address_book/cache/47/f5/cbc3cf15e8bd0c2c905982363349.php): failed to open stream: No such file or directory</errmsg>
	<filename>/var/www/address_book.loc/public/libraries/templating/twig-v1.2.3/lib/Twig/Environment.php</filename>
	<linenum>308</linenum>
</error>
<error>
	<date>2012-11-13 15:11:46 (EET7200)</date>
	<errcode>2</errcode>
	<errmsg>require_once(/var/www/address_book.loc/public/application/settings/../..//application/views/address_book/cache/47/f5/cbc3cf15e8bd0c2c905982363349.php): failed to open stream: No such file or directory</errmsg>
	<filename>/var/www/address_book.loc/public/libraries/templating/twig-v1.2.3/lib/Twig/Environment.php</filename>
	<linenum>308</linenum>
</error>
<error>
	<date>2012-11-13 15:25:33 (EET7200)</date>
	<errcode>2</errcode>
	<errmsg>require_once(/var/www/address_book.loc/public/application/views/address_book/cache/14/3d/23e5f6182bdb62ad1589ec1a59da.php): failed to open stream: No such file or directory</errmsg>
	<filename>/var/www/address_book.loc/public/libraries/templating/twig-v1.2.3/lib/Twig/Environment.php</filename>
	<linenum>308</linenum>
</error>
<error>
	<date>2012-11-13 15:25:43 (EET7200)</date>
	<errcode>2</errcode>
	<errmsg>require_once(/var/www/address_book.loc/public/application/views/address_book/cache/14/3d/23e5f6182bdb62ad1589ec1a59da.php): failed to open stream: No such file or directory</errmsg>
	<filename>/var/www/address_book.loc/public/libraries/templating/twig-v1.2.3/lib/Twig/Environment.php</filename>
	<linenum>308</linenum>
</error>
<error>
	<date>2012-11-13 15:30:04 (EET7200)</date>
	<errcode>2</errcode>
	<errmsg>chmod(): No such file or directory</errmsg>
	<filename>/var/www/address_book.loc/public/libraries/templating/twig-v1.2.3/lib/Twig/Environment.php</filename>
	<linenum>930</linenum>
</error>
<error>
	<date>2012-11-13 17:15:55 (EET7200)</date>
	<errcode>8</errcode>
	<errmsg>Undefined index: edit_id</errmsg>
	<filename>/var/www/address_book.loc/public/application/controllers/EditClient.php</filename>
	<linenum>129</linenum>
</error>
<error>
	<date>2012-11-13 17:16:03 (EET7200)</date>
	<errcode>8</errcode>
	<errmsg>Undefined index: edit_id</errmsg>
	<filename>/var/www/address_book.loc/public/application/controllers/EditClient.php</filename>
	<linenum>129</linenum>
</error>
